<?xml version="1.0" encoding="UTF-8" ?>
<testsuite tests="9" failures="0" name="com.mailjet.api.client.impl.RetriveByIdCallImplTest" time="0.034" errors="0" skipped="0">
  <properties>
[...]
</properties>
  <testcase classname="com.mailjet.api.client.impl.RetriveByIdCallImplTest" name="testNullIdValue" time="0.001"/>
  <testcase classname="com.mailjet.api.client.impl.RetriveByIdCallImplTest" name="testURLBuiltDefaultNoResult" time="0.003"/>
  <testcase classname="com.mailjet.api.client.impl.RetriveByIdCallImplTest" name="testFailWithMultipleResult" time="0.002"/>
  <testcase classname="com.mailjet.api.client.impl.RetriveByIdCallImplTest" name="testURLBuiltResponseError" time="0.006"/>
  <testcase classname="com.mailjet.api.client.impl.RetriveByIdCallImplTest" name="testNullIdProperty" time="0"/>
  <testcase classname="com.mailjet.api.client.impl.RetriveByIdCallImplTest" name="testSuccessfullIdPropertySet" time="0.001"/>
  <testcase classname="com.mailjet.api.client.impl.RetriveByIdCallImplTest" name="testSuccessfullWithOneResult" time="0.006"/>
  <testcase classname="com.mailjet.api.client.impl.RetriveByIdCallImplTest" name="testExecuteWithoutId" time="0.001"/>
  <testcase classname="com.mailjet.api.client.impl.RetriveByIdCallImplTest" name="testNullIdPropertyName" time="0"/>
</testsuite>